(N) 2024-01-20T10:46:35 - qBittorrent v4.6.3 started
(N) 2024-01-20T10:46:35 - Using config directory: /home/DrRoot/.config/qBittorrent
(N) 2024-01-20T10:46:35 - Trying to listen on the following list of IP addresses: "0.0.0.0:14813,[::]:14813"
(I) 2024-01-20T10:46:35 - Peer ID: "-qB4630-"
(I) 2024-01-20T10:46:35 - HTTP User-Agent: "qBittorrent/4.6.3"
(I) 2024-01-20T10:46:35 - Distributed Hash Table (DHT) support: ON
(I) 2024-01-20T10:46:35 - Local Peer Discovery support: ON
(I) 2024-01-20T10:46:35 - Peer Exchange (PeX) support: ON
(I) 2024-01-20T10:46:35 - Anonymous mode: ON
(I) 2024-01-20T10:46:35 - Encryption support: ON
(I) 2024-01-20T10:46:35 - Embedded Tracker: Now listening on IP: 0.0.0.0, port: 9000
(N) 2024-01-20T10:46:36 - Successfully parsed the IP filter file. Number of rules applied: 0
(I) 2024-01-20T10:46:36 - Successfully listening on IP. IP: "127.0.0.1". Port: "TCP/14813"
(I) 2024-01-20T10:46:36 - Successfully listening on IP. IP: "127.0.0.1". Port: "UTP/14813"
(I) 2024-01-20T10:46:36 - Successfully listening on IP. IP: "192.168.0.109". Port: "TCP/14813"
(I) 2024-01-20T10:46:36 - Successfully listening on IP. IP: "192.168.0.109". Port: "UTP/14813"
(I) 2024-01-20T10:46:36 - Successfully listening on IP. IP: "::1". Port: "TCP/14813"
(I) 2024-01-20T10:46:36 - Successfully listening on IP. IP: "::1". Port: "UTP/14813"
(I) 2024-01-20T10:46:36 - Successfully listening on IP. IP: "fe80::3efc:bb52:a6c0:a6f6%wlp4s0". Port: "TCP/14813"
(I) 2024-01-20T10:46:36 - Successfully listening on IP. IP: "fe80::3efc:bb52:a6c0:a6f6%wlp4s0". Port: "UTP/14813"
(I) 2024-01-20T10:46:35 - UPnP/NAT-PMP support: ON
(W) 2024-01-20T10:46:36 - Couldn't load IP geolocation database. Reason: No such file or directory
(N) 2024-01-20T10:46:36 - Watching folder: "/home/DrRoot/Downloads"
(W) 2024-01-20T10:46:36 - UPnP/NAT-PMP port mapping failed. Message: "could not map port using UPnP[192.168.0.109]: unknown UPnP error (-911)"
(W) 2024-01-20T10:46:36 - UPnP/NAT-PMP port mapping failed. Message: "could not map port using UPnP[192.168.0.109]: unknown UPnP error (-911)"
(I) 2024-01-20T10:46:36 - Detected external IP. IP: "93.112.155.230"
(I) 2024-01-20T10:46:37 - IP geolocation database loaded. Type: DBIP-Country-Lite. Build time: Tue Jan 2 02:14:23 2024.
(I) 2024-01-20T10:46:37 - Successfully updated IP geolocation database.
(N) 2024-01-20T10:47:18 - qBittorrent termination initiated
(N) 2024-01-20T10:47:18 - qBittorrent is now ready to exit
(N) 2024-01-20T10:47:31 - qBittorrent v4.6.3 started
(N) 2024-01-20T10:47:31 - Using config directory: /home/DrRoot/.config/qBittorrent
(N) 2024-01-20T10:47:31 - Trying to listen on the following list of IP addresses: "0.0.0.0:14813,[::]:14813"
(I) 2024-01-20T10:47:31 - Peer ID: "-qB4630-"
(I) 2024-01-20T10:47:31 - HTTP User-Agent: "qBittorrent/4.6.3"
(I) 2024-01-20T10:47:31 - Distributed Hash Table (DHT) support: ON
(I) 2024-01-20T10:47:31 - Local Peer Discovery support: ON
(I) 2024-01-20T10:47:31 - Peer Exchange (PeX) support: ON
(I) 2024-01-20T10:47:31 - Anonymous mode: ON
(I) 2024-01-20T10:47:31 - Encryption support: ON
(I) 2024-01-20T10:47:31 - Embedded Tracker: Now listening on IP: 0.0.0.0, port: 9000
(N) 2024-01-20T10:47:31 - Successfully parsed the IP filter file. Number of rules applied: 0
(I) 2024-01-20T10:47:31 - Successfully listening on IP. IP: "127.0.0.1". Port: "TCP/14813"
(I) 2024-01-20T10:47:31 - Successfully listening on IP. IP: "127.0.0.1". Port: "UTP/14813"
(I) 2024-01-20T10:47:31 - Successfully listening on IP. IP: "192.168.0.109". Port: "TCP/14813"
(I) 2024-01-20T10:47:31 - Successfully listening on IP. IP: "192.168.0.109". Port: "UTP/14813"
(I) 2024-01-20T10:47:31 - Successfully listening on IP. IP: "::1". Port: "TCP/14813"
(I) 2024-01-20T10:47:31 - Successfully listening on IP. IP: "::1". Port: "UTP/14813"
(I) 2024-01-20T10:47:31 - Successfully listening on IP. IP: "fe80::3efc:bb52:a6c0:a6f6%wlp4s0". Port: "TCP/14813"
(I) 2024-01-20T10:47:31 - Successfully listening on IP. IP: "fe80::3efc:bb52:a6c0:a6f6%wlp4s0". Port: "UTP/14813"
(I) 2024-01-20T10:47:31 - UPnP/NAT-PMP support: ON
(I) 2024-01-20T10:47:31 - IP geolocation database loaded. Type: DBIP-Country-Lite. Build time: Tue Jan 2 02:14:23 2024.
(N) 2024-01-20T10:47:31 - Watching folder: "/home/DrRoot/Downloads"
(W) 2024-01-20T10:47:31 - UPnP/NAT-PMP port mapping failed. Message: "could not map port using UPnP[192.168.0.109]: unknown UPnP error (-911)"
(W) 2024-01-20T10:47:31 - UPnP/NAT-PMP port mapping failed. Message: "could not map port using UPnP[192.168.0.109]: unknown UPnP error (-911)"
(I) 2024-01-20T10:47:31 - Detected external IP. IP: "93.112.155.230"
(N) 2024-01-20T10:47:46 - qBittorrent termination initiated
(N) 2024-01-20T10:47:46 - qBittorrent is now ready to exit
(N) 2024-01-20T10:51:45 - qBittorrent v4.6.3 started
(N) 2024-01-20T10:51:45 - Using config directory: /home/DrRoot/.config/qBittorrent
(N) 2024-01-20T10:51:45 - Trying to listen on the following list of IP addresses: "0.0.0.0:14813,[::]:14813"
(I) 2024-01-20T10:51:45 - Peer ID: "-qB4630-"
(I) 2024-01-20T10:51:45 - HTTP User-Agent: "qBittorrent/4.6.3"
(I) 2024-01-20T10:51:45 - Distributed Hash Table (DHT) support: ON
(I) 2024-01-20T10:51:45 - Local Peer Discovery support: ON
(I) 2024-01-20T10:51:45 - Peer Exchange (PeX) support: ON
(I) 2024-01-20T10:51:45 - Anonymous mode: ON
(I) 2024-01-20T10:51:45 - Encryption support: ON
(I) 2024-01-20T10:51:45 - Embedded Tracker: Now listening on IP: 0.0.0.0, port: 9000
(N) 2024-01-20T10:51:45 - Successfully parsed the IP filter file. Number of rules applied: 0
(I) 2024-01-20T10:51:45 - Successfully listening on IP. IP: "127.0.0.1". Port: "TCP/14813"
(I) 2024-01-20T10:51:45 - Successfully listening on IP. IP: "127.0.0.1". Port: "UTP/14813"
(I) 2024-01-20T10:51:45 - Successfully listening on IP. IP: "192.168.0.109". Port: "TCP/14813"
(I) 2024-01-20T10:51:45 - Successfully listening on IP. IP: "192.168.0.109". Port: "UTP/14813"
(I) 2024-01-20T10:51:45 - Successfully listening on IP. IP: "::1". Port: "TCP/14813"
(I) 2024-01-20T10:51:45 - Successfully listening on IP. IP: "::1". Port: "UTP/14813"
(I) 2024-01-20T10:51:45 - Successfully listening on IP. IP: "fe80::3efc:bb52:a6c0:a6f6%wlp4s0". Port: "TCP/14813"
(I) 2024-01-20T10:51:45 - Successfully listening on IP. IP: "fe80::3efc:bb52:a6c0:a6f6%wlp4s0". Port: "UTP/14813"
(I) 2024-01-20T10:51:45 - UPnP/NAT-PMP support: ON
(I) 2024-01-20T10:51:45 - IP geolocation database loaded. Type: DBIP-Country-Lite. Build time: Tue Jan 2 02:14:23 2024.
(N) 2024-01-20T10:51:45 - Watching folder: "/home/DrRoot/Downloads"
(W) 2024-01-20T10:51:45 - UPnP/NAT-PMP port mapping failed. Message: "could not map port using UPnP[192.168.0.109]: unknown UPnP error (-911)"
(W) 2024-01-20T10:51:45 - UPnP/NAT-PMP port mapping failed. Message: "could not map port using UPnP[192.168.0.109]: unknown UPnP error (-911)"
(I) 2024-01-20T10:51:45 - Detected external IP. IP: "93.112.155.230"
(N) 2024-01-20T10:51:49 - qBittorrent termination initiated
(N) 2024-01-20T10:51:49 - qBittorrent is now ready to exit
(N) 2024-01-20T11:55:17 - qBittorrent v4.6.3 started
(N) 2024-01-20T11:55:17 - Using config directory: /home/DrRoot/.config/qBittorrent
(N) 2024-01-20T11:55:17 - Trying to listen on the following list of IP addresses: "0.0.0.0:14813,[::]:14813"
(I) 2024-01-20T11:55:17 - Peer ID: "-qB4630-"
(I) 2024-01-20T11:55:17 - HTTP User-Agent: "qBittorrent/4.6.3"
(I) 2024-01-20T11:55:17 - Distributed Hash Table (DHT) support: ON
(I) 2024-01-20T11:55:17 - Local Peer Discovery support: ON
(I) 2024-01-20T11:55:17 - Peer Exchange (PeX) support: ON
(I) 2024-01-20T11:55:17 - Anonymous mode: ON
(I) 2024-01-20T11:55:17 - Encryption support: ON
(I) 2024-01-20T11:55:17 - Embedded Tracker: Now listening on IP: 0.0.0.0, port: 9000
(N) 2024-01-20T11:55:17 - Successfully parsed the IP filter file. Number of rules applied: 0
(I) 2024-01-20T11:55:17 - Successfully listening on IP. IP: "127.0.0.1". Port: "TCP/14813"
(I) 2024-01-20T11:55:17 - Successfully listening on IP. IP: "127.0.0.1". Port: "UTP/14813"
(I) 2024-01-20T11:55:17 - Successfully listening on IP. IP: "192.168.0.109". Port: "TCP/14813"
(I) 2024-01-20T11:55:17 - Successfully listening on IP. IP: "192.168.0.109". Port: "UTP/14813"
(I) 2024-01-20T11:55:17 - Successfully listening on IP. IP: "::1". Port: "TCP/14813"
(I) 2024-01-20T11:55:17 - Successfully listening on IP. IP: "::1". Port: "UTP/14813"
(I) 2024-01-20T11:55:17 - Successfully listening on IP. IP: "fe80::3efc:bb52:a6c0:a6f6%wlp4s0". Port: "TCP/14813"
(I) 2024-01-20T11:55:17 - Successfully listening on IP. IP: "fe80::3efc:bb52:a6c0:a6f6%wlp4s0". Port: "UTP/14813"
(W) 2024-01-20T11:55:17 - UPnP/NAT-PMP port mapping failed. Message: "could not map port using UPnP[192.168.0.109]: unknown UPnP error (-911)"
(W) 2024-01-20T11:55:17 - UPnP/NAT-PMP port mapping failed. Message: "could not map port using UPnP[192.168.0.109]: unknown UPnP error (-911)"
(I) 2024-01-20T11:55:17 - UPnP/NAT-PMP support: ON
(I) 2024-01-20T11:55:17 - IP geolocation database loaded. Type: DBIP-Country-Lite. Build time: Tue Jan 2 02:14:23 2024.
(N) 2024-01-20T11:55:17 - Watching folder: "/home/DrRoot/Downloads"
(I) 2024-01-20T11:55:17 - Detected external IP. IP: "93.112.155.230"
(N) 2024-01-20T11:55:32 - Added new torrent. Torrent: "[ DevCourseWeb.com ] Flutter Multi Vendor App 2024"
(W) 2024-01-20T11:55:33 - Ignoring SSL error, URL: "https://ex.ua/favicon.ico", errors: "The certificate has expired"
(W) 2024-01-20T11:55:33 - Ignoring SSL error, URL: "https://520.jp/favicon.ico", errors: "The certificate has expired"
(W) 2024-01-20T11:55:33 - Ignoring SSL error, URL: "https://herokuapp.com/favicon.ico", errors: "The certificate has expired"
(W) 2024-01-20T11:55:34 - Ignoring SSL error, URL: "https://reedlan.com/favicon.ico", errors: "The host name did not match any of the valid hosts for this certificate"
(W) 2024-01-20T11:55:34 - Ignoring SSL error, URL: "https://asnet.pw", errors: "The issuer certificate of a locally looked up certificate could not be found. No certificates could be verified"
(W) 2024-01-20T11:55:35 - Ignoring SSL error, URL: "https://lloria.fr/yunohost/admin", errors: "The host name did not match any of the valid hosts for this certificate. The issuer certificate of a locally looked up certificate could not be found. No certificates could be verified"
(W) 2024-01-20T11:55:36 - Ignoring SSL error, URL: "https://zum.bi/favicon.ico", errors: "The host name did not match any of the valid hosts for this certificate"
(N) 2024-01-20T11:55:59 - qBittorrent v4.6.3 started
(N) 2024-01-20T11:55:59 - Using config directory: /home/DrRoot/.config/qBittorrent
(N) 2024-01-20T11:56:00 - qBittorrent termination initiated
(N) 2024-01-20T11:56:00 - qBittorrent is now ready to exit
(N) 2024-01-20T11:56:08 - Added new torrent. Torrent: "Zorro.2024.S01.COMPLETE.DUBBED.720p.AMZN.WEBRip.x264-GalaxyTV[TGx]"
(N) 2024-01-20T11:57:27 - qBittorrent v4.6.3 started
(N) 2024-01-20T11:57:27 - Using config directory: /home/DrRoot/.config/qBittorrent
(N) 2024-01-20T11:57:27 - qBittorrent termination initiated
(N) 2024-01-20T11:57:27 - qBittorrent is now ready to exit
(N) 2024-01-20T11:57:32 - Added new torrent. Torrent: "The.Marvels.2023.1080p.WEB-DL.x265.6CH-NoGroup.mkv"
(I) 2024-01-20T12:00:18 - Python detected, executable name: 'python3', version: 3.11.6
(I) 2024-01-20T12:00:33 - Plugin "eztv" is outdated, updating to version 1.14
(I) 2024-01-20T12:00:33 - Plugin "jackett" is outdated, updating to version 4.0
(I) 2024-01-20T12:00:33 - Plugin "limetorrents" is outdated, updating to version 4.7
(I) 2024-01-20T12:00:33 - Plugin "piratebay" is outdated, updating to version 3.2
(I) 2024-01-20T12:00:33 - Plugin "solidtorrents" is outdated, updating to version 2.1
(I) 2024-01-20T12:00:33 - Plugin "torlock" is outdated, updating to version 2.22
(I) 2024-01-20T12:00:33 - Plugin "torrentproject" is outdated, updating to version 1.2
(I) 2024-01-20T12:00:33 - Plugin "torrentscsv" is outdated, updating to version 1.2
(N) 2024-01-20T12:03:01 - Enqueued torrent move. Torrent: "Zorro.2024.S01.COMPLETE.DUBBED.720p.AMZN.WEBRip.x264-GalaxyTV[TGx]". Source: "/home/DrRoot/Torrent/Downloading". Destination: "/home/DrRoot/Torrent/Complete"
(N) 2024-01-20T12:03:01 - Start moving torrent. Torrent: "Zorro.2024.S01.COMPLETE.DUBBED.720p.AMZN.WEBRip.x264-GalaxyTV[TGx]". Destination: "/home/DrRoot/Torrent/Complete"
(N) 2024-01-20T12:03:01 - Moved torrent successfully. Torrent: "Zorro.2024.S01.COMPLETE.DUBBED.720p.AMZN.WEBRip.x264-GalaxyTV[TGx]". Destination: "/home/DrRoot/Torrent/Complete"
(N) 2024-01-20T12:03:01 - Torrent download finished. Torrent: "Zorro.2024.S01.COMPLETE.DUBBED.720p.AMZN.WEBRip.x264-GalaxyTV[TGx]"
(I) 2024-01-20T12:03:20 - Plugin already at version 2.19, which is greater than 1.9
(I) 2024-01-20T12:06:26 - Plugin iptorrents is not supported.
(N) 2024-01-20T12:06:43 - Enqueued torrent move. Torrent: "The.Marvels.2023.1080p.WEB-DL.x265.6CH-NoGroup.mkv". Source: "/home/DrRoot/Torrent/Downloading". Destination: "/home/DrRoot/Torrent/Complete"
(N) 2024-01-20T12:06:43 - Start moving torrent. Torrent: "The.Marvels.2023.1080p.WEB-DL.x265.6CH-NoGroup.mkv". Destination: "/home/DrRoot/Torrent/Complete"
(N) 2024-01-20T12:06:43 - Moved torrent successfully. Torrent: "The.Marvels.2023.1080p.WEB-DL.x265.6CH-NoGroup.mkv". Destination: "/home/DrRoot/Torrent/Complete"
(N) 2024-01-20T12:06:43 - Torrent download finished. Torrent: "The.Marvels.2023.1080p.WEB-DL.x265.6CH-NoGroup.mkv"
(I) 2024-01-20T12:08:09 - Plugin already at version 1.0, which is greater than 1.0
(W) 2024-01-20T12:08:56 - Search plugin '.qBittorrent.PlPXCK' contains invalid version string ('1.1.')
(W) 2024-01-20T12:09:01 - Search plugin 'yggtracker.py' contains invalid version string ('1.1.')
(W) 2024-01-20T12:09:12 - Search plugin 'yggtracker.py' contains invalid version string ('1.1.')
(W) 2024-01-20T12:09:28 - Search plugin 'yggtracker.py' contains invalid version string ('1.1.')
(W) 2024-01-20T12:18:17 - Search plugin 'yggtracker.py' contains invalid version string ('1.1.')
(W) 2024-01-20T12:19:46 - Search plugin 'yggtracker.py' contains invalid version string ('1.1.')
(W) 2024-01-20T12:20:02 - Search plugin 'yggtracker.py' contains invalid version string ('1.1.')
(W) 2024-01-20T12:20:19 - Search plugin 'yggtracker.py' contains invalid version string ('1.1.')
(W) 2024-01-20T12:20:39 - Search plugin 'yggtracker.py' contains invalid version string ('1.1.')
(W) 2024-01-20T12:20:59 - Search plugin 'yggtracker.py' contains invalid version string ('1.1.')
(W) 2024-01-20T12:21:33 - Search plugin 'yggtracker.py' contains invalid version string ('1.1.')
(W) 2024-01-20T12:21:51 - Search plugin 'yggtracker.py' contains invalid version string ('1.1.')
(W) 2024-01-20T12:22:08 - Search plugin 'yggtracker.py' contains invalid version string ('1.1.')
(W) 2024-01-20T12:22:24 - Search plugin 'yggtracker.py' contains invalid version string ('1.1.')
(W) 2024-01-20T12:22:38 - Search plugin 'yggtracker.py' contains invalid version string ('1.1.')
(I) 2024-01-20T12:22:38 - Plugin thepiratebay has been successfully updated.
(W) 2024-01-20T12:22:50 - Search plugin 'yggtracker.py' contains invalid version string ('1.1.')
(I) 2024-01-20T12:22:50 - Plugin torrentdownload has been successfully updated.
(W) 2024-01-20T12:24:03 - Search plugin 'yggtracker.py' contains invalid version string ('1.1.')
(W) 2024-01-20T12:24:20 - Search plugin 'yggtracker.py' contains invalid version string ('1.1.')
(I) 2024-01-20T12:24:20 - Plugin nyaa is not supported.
(W) 2024-01-20T12:24:47 - Search plugin 'yggtracker.py' contains invalid version string ('1.1.')
(W) 2024-01-20T12:25:04 - Search plugin 'yggtracker.py' contains invalid version string ('1.1.')
(W) 2024-01-20T12:25:05 - Ignoring SSL error, URL: "https://www.subtorrents.la/favicon.ico", errors: "The host name did not match any of the valid hosts for this certificate. The certificate has expired"
(I) 2024-01-20T12:25:12 - Plugin already at version 2.1, which is greater than 1.0
(I) 2024-01-20T12:25:22 - Plugin already at version 2.1, which is greater than 2.0
(W) 2024-01-20T12:25:42 - Search plugin 'yggtracker.py' contains invalid version string ('1.1.')
(W) 2024-01-20T12:25:57 - Search plugin 'yggtracker.py' contains invalid version string ('1.1.')
(W) 2024-01-20T12:26:33 - Search plugin 'yggtracker.py' contains invalid version string ('1.1.')
(W) 2024-01-20T12:26:55 - Search plugin 'yggtracker.py' contains invalid version string ('1.1.')
(W) 2024-01-20T12:27:13 - Search plugin 'yggtracker.py' contains invalid version string ('1.1.')
(W) 2024-01-20T12:27:31 - Search plugin 'yggtracker.py' contains invalid version string ('1.1.')
(W) 2024-01-20T12:27:47 - Search plugin 'yggtracker.py' contains invalid version string ('1.1.')
(W) 2024-01-20T12:28:20 - Search plugin 'yggtracker.py' contains invalid version string ('1.1.')
(N) 2024-01-20T12:28:23 - Enqueued torrent move. Torrent: "[ DevCourseWeb.com ] Flutter Multi Vendor App 2024". Source: "/home/DrRoot/Torrent/Downloading". Destination: "/home/DrRoot/Torrent/Complete"
(N) 2024-01-20T12:28:23 - Start moving torrent. Torrent: "[ DevCourseWeb.com ] Flutter Multi Vendor App 2024". Destination: "/home/DrRoot/Torrent/Complete"
(N) 2024-01-20T12:28:23 - Moved torrent successfully. Torrent: "[ DevCourseWeb.com ] Flutter Multi Vendor App 2024". Destination: "/home/DrRoot/Torrent/Complete"
(N) 2024-01-20T12:28:23 - Torrent download finished. Torrent: "[ DevCourseWeb.com ] Flutter Multi Vendor App 2024"
(W) 2024-01-20T12:28:40 - Search plugin 'yggtracker.py' contains invalid version string ('1.1.')
(W) 2024-01-20T12:29:05 - Search plugin 'yggtracker.py' contains invalid version string ('1.1.')
(W) 2024-01-20T12:29:26 - Search plugin 'yggtracker.py' contains invalid version string ('1.1.')
(W) 2024-01-20T12:29:53 - Search plugin 'yggtracker.py' contains invalid version string ('1.1.')
(W) 2024-01-20T12:30:12 - Search plugin 'yggtracker.py' contains invalid version string ('1.1.')
(W) 2024-01-20T12:30:30 - Search plugin 'yggtracker.py' contains invalid version string ('1.1.')
(W) 2024-01-20T12:30:58 - Search plugin 'yggtracker.py' contains invalid version string ('1.1.')
(W) 2024-01-20T12:31:21 - Search plugin 'yggtracker.py' contains invalid version string ('1.1.')
(W) 2024-01-20T12:31:42 - Search plugin 'yggtracker.py' contains invalid version string ('1.1.')
(W) 2024-01-20T12:31:56 - Search plugin 'yggtracker.py' contains invalid version string ('1.1.')
(I) 2024-01-20T12:31:56 - Plugin dmhy is not supported.
(W) 2024-01-20T12:32:31 - Search plugin 'yggtracker.py' contains invalid version string ('1.1.')
(W) 2024-01-20T12:32:48 - Search plugin 'yggtracker.py' contains invalid version string ('1.1.')
(W) 2024-01-20T12:33:05 - Search plugin 'yggtracker.py' contains invalid version string ('1.1.')
(W) 2024-01-20T12:33:24 - Search plugin 'yggtracker.py' contains invalid version string ('1.1.')
(W) 2024-01-20T12:33:39 - Search plugin 'yggtracker.py' contains invalid version string ('1.1.')
(W) 2024-01-20T12:34:01 - Search plugin 'yggtracker.py' contains invalid version string ('1.1.')
(W) 2024-01-20T12:34:56 - Search plugin 'yggtracker.py' contains invalid version string ('1.1.')
(I) 2024-01-20T12:34:56 - Plugin magnetdl has been successfully updated.
(W) 2024-01-20T12:35:31 - Search plugin 'yggtracker.py' contains invalid version string ('1.1.')
(W) 2024-01-20T12:35:32 - Ignoring SSL error, URL: "https://atomixhq.com/favicon.ico", errors: "The issuer certificate of a locally looked up certificate could not be found. No certificates could be verified"
(W) 2024-01-20T12:36:13 - Search plugin 'yggtracker.py' contains invalid version string ('1.1.')
(W) 2024-01-20T12:36:29 - Search plugin 'yggtracker.py' contains invalid version string ('1.1.')
(W) 2024-01-20T12:36:51 - Search plugin 'yggtracker.py' contains invalid version string ('1.1.')
(W) 2024-01-20T12:37:07 - Search plugin 'yggtracker.py' contains invalid version string ('1.1.')
(W) 2024-01-20T12:37:29 - Search plugin 'yggtracker.py' contains invalid version string ('1.1.')
(W) 2024-01-20T12:39:03 - Search plugin 'yggtracker.py' contains invalid version string ('1.1.')
(W) 2024-01-20T12:39:35 - Search plugin 'yggtracker.py' contains invalid version string ('1.1.')
(W) 2024-01-20T12:40:05 - Search plugin 'yggtracker.py' contains invalid version string ('1.1.')
(W) 2024-01-20T12:40:44 - Search plugin 'yggtracker.py' contains invalid version string ('1.1.')
(W) 2024-01-20T12:41:28 - Search plugin 'yggtracker.py' contains invalid version string ('1.1.')
(W) 2024-01-20T12:41:28 - Ignoring SSL error, URL: "https://pctmix.com/favicon.ico", errors: "The issuer certificate of a locally looked up certificate could not be found. No certificates could be verified"
(W) 2024-01-20T12:42:17 - Search plugin 'yggtracker.py' contains invalid version string ('1.1.')
(W) 2024-01-20T12:42:40 - Search plugin 'yggtracker.py' contains invalid version string ('1.1.')
(W) 2024-01-20T12:43:48 - Search plugin 'yggtracker.py' contains invalid version string ('1.1.')
(W) 2024-01-20T12:44:49 - Search plugin 'yggtracker.py' contains invalid version string ('1.1.')
(W) 2024-01-20T12:45:20 - Search plugin 'yggtracker.py' contains invalid version string ('1.1.')
(W) 2024-01-20T12:46:10 - Search plugin 'yggtracker.py' contains invalid version string ('1.1.')
(I) 2024-01-20T12:48:25 - Plugin already at version 1.3, which is greater than 1.3
(I) 2024-01-20T12:48:37 - Plugin already at version 1.3, which is greater than 1.3
(I) 2024-01-20T12:49:28 - Plugin already at version 1.21, which is greater than 1.21
(I) 2024-01-20T12:49:43 - Plugin already at version 1.11, which is greater than 1.11
(N) 2024-01-20T12:55:03 - qBittorrent termination initiated
(N) 2024-01-20T12:55:14 - qBittorrent is now ready to exit
(N) 2024-01-20T12:55:25 - qBittorrent v4.6.3 started
(N) 2024-01-20T12:55:25 - Using config directory: /home/DrRoot/.config/qBittorrent
(N) 2024-01-20T12:55:25 - Trying to listen on the following list of IP addresses: "0.0.0.0:14813,[::]:14813"
(I) 2024-01-20T12:55:25 - Peer ID: "-qB4630-"
(I) 2024-01-20T12:55:25 - HTTP User-Agent: "qBittorrent/4.6.3"
(I) 2024-01-20T12:55:25 - Distributed Hash Table (DHT) support: ON
(I) 2024-01-20T12:55:25 - Local Peer Discovery support: ON
(I) 2024-01-20T12:55:25 - Peer Exchange (PeX) support: ON
(I) 2024-01-20T12:55:25 - Anonymous mode: ON
(I) 2024-01-20T12:55:25 - Encryption support: ON
(I) 2024-01-20T12:55:25 - Embedded Tracker: Now listening on IP: 0.0.0.0, port: 9000
(C) 2024-01-20T12:55:25 - Failed to listen on IP. IP: "127.0.0.1". Port: "TCP/14813". Reason: "Address already in use"
(C) 2024-01-20T12:55:25 - Failed to listen on IP. IP: "192.168.0.109". Port: "TCP/14813". Reason: "Address already in use"
(C) 2024-01-20T12:55:25 - Failed to listen on IP. IP: "::1". Port: "TCP/14813". Reason: "Address already in use"
(C) 2024-01-20T12:55:25 - Failed to listen on IP. IP: "fe80::3efc:bb52:a6c0:a6f6%wlp4s0". Port: "TCP/14813". Reason: "Address already in use"
(N) 2024-01-20T12:55:25 - Successfully parsed the IP filter file. Number of rules applied: 0
(I) 2024-01-20T12:55:25 - UPnP/NAT-PMP support: ON
(N) 2024-01-20T12:55:25 - Restored torrent. Torrent: "[ DevCourseWeb.com ] Flutter Multi Vendor App 2024"
(N) 2024-01-20T12:55:25 - Restored torrent. Torrent: "Zorro.2024.S01.COMPLETE.DUBBED.720p.AMZN.WEBRip.x264-GalaxyTV[TGx]"
(N) 2024-01-20T12:55:25 - Restored torrent. Torrent: "The.Marvels.2023.1080p.WEB-DL.x265.6CH-NoGroup.mkv"
(I) 2024-01-20T12:55:25 - IP geolocation database loaded. Type: DBIP-Country-Lite. Build time: Tue Jan 2 02:14:23 2024.
(N) 2024-01-20T12:55:25 - Watching folder: "/home/DrRoot/Downloads"
(I) 2024-01-20T12:55:25 - Python detected, executable name: 'python3', version: 3.11.6
(W) 2024-01-20T12:55:32 - Search plugin 'yggtracker.py' contains invalid version string ('1.1.')
(W) 2024-01-20T12:55:33 - Ignoring SSL error, URL: "https://herokuapp.com/favicon.ico", errors: "The certificate has expired"
(W) 2024-01-20T12:55:33 - Ignoring SSL error, URL: "https://ex.ua/favicon.ico", errors: "The certificate has expired"
(W) 2024-01-20T12:55:33 - Ignoring SSL error, URL: "https://reedlan.com/favicon.ico", errors: "The host name did not match any of the valid hosts for this certificate"
(W) 2024-01-20T12:55:33 - Ignoring SSL error, URL: "https://520.jp/favicon.ico", errors: "The certificate has expired"
(W) 2024-01-20T12:55:33 - Ignoring SSL error, URL: "https://lloria.fr/yunohost/admin", errors: "The host name did not match any of the valid hosts for this certificate. The issuer certificate of a locally looked up certificate could not be found. No certificates could be verified"
(W) 2024-01-20T12:55:34 - Ignoring SSL error, URL: "https://asnet.pw", errors: "The issuer certificate of a locally looked up certificate could not be found. No certificates could be verified"
(W) 2024-01-20T12:55:34 - Ignoring SSL error, URL: "https://zum.bi/favicon.ico", errors: "The host name did not match any of the valid hosts for this certificate"
(W) 2024-01-20T12:55:37 - Ignoring SSL error, URL: "https://www.subtorrents.la/favicon.ico", errors: "The host name did not match any of the valid hosts for this certificate. The certificate has expired"
(W) 2024-01-20T12:55:37 - Ignoring SSL error, URL: "https://pctmix.com/favicon.ico", errors: "The issuer certificate of a locally looked up certificate could not be found. No certificates could be verified"
(W) 2024-01-20T12:55:37 - Ignoring SSL error, URL: "https://atomixhq.com/favicon.ico", errors: "The issuer certificate of a locally looked up certificate could not be found. No certificates could be verified"
